<?xml version="1.0" encoding="UTF-8"?>
<testng-results ignored="0" total="1" passed="1" failed="0" skipped="0">
  <reporter-output>
  </reporter-output>
  <suite started-at="2023-10-11T17:27:27 JST" name="Default suite" finished-at="2023-10-11T17:27:41 JST" duration-ms="14141">
    <groups>
    </groups>
    <test started-at="2023-10-11T17:27:27 JST" name="Default test" finished-at="2023-10-11T17:27:41 JST" duration-ms="14141">
      <class name="test.TestMultiLang">
        <test-method is-config="true" signature="setup()[pri:0, instance:test.TestMultiLang@74d1dc36]" started-at="2023-10-11T17:27:27 JST" name="setup" finished-at="2023-10-11T17:27:38 JST" duration-ms="10989" status="PASS">
          <reporter-output>
          </reporter-output>
        </test-method> <!-- setup -->
        <test-method signature="getHeader()[pri:0, instance:test.TestMultiLang@74d1dc36]" started-at="2023-10-11T17:27:38 JST" name="getHeader" finished-at="2023-10-11T17:27:40 JST" duration-ms="2082" status="PASS">
          <reporter-output>
          </reporter-output>
        </test-method> <!-- getHeader -->
        <test-method is-config="true" signature="tearDown()[pri:0, instance:test.TestMultiLang@74d1dc36]" started-at="2023-10-11T17:27:40 JST" name="tearDown" finished-at="2023-10-11T17:27:41 JST" duration-ms="1045" status="PASS">
          <reporter-output>
          </reporter-output>
        </test-method> <!-- tearDown -->
      </class> <!-- test.TestMultiLang -->
    </test> <!-- Default test -->
  </suite> <!-- Default suite -->
</testng-results>
